2024-06-22 23:02:56,219:INFO:Loaded extension: manager
2024-06-22 23:02:56,220:INFO:Loaded extension: help
2024-06-22 23:02:56,220:INFO:Loaded extension: joke_poster
2024-06-22 23:02:56,820:INFO:ClaudeAI module loaded
2024-06-22 23:02:56,821:INFO:ClaudeAI cog added to the bot
2024-06-22 23:02:56,821:INFO:Loaded extension: ai
2024-06-22 23:02:56,821:INFO:logging in using static token
2024-06-22 23:02:57,710:INFO:Shard ID None has connected to Gateway (Session ID: 82acb892d2ed387f15f7143a028cd3ea).
2024-06-22 23:02:59,719:INFO:We have logged in as saeijou_bot#4753
2024-06-22 23:36:47,078:INFO:Loaded extension: manager
2024-06-22 23:36:47,079:INFO:Loaded extension: help
2024-06-22 23:36:47,080:INFO:Loaded extension: joke_poster
2024-06-22 23:36:47,682:INFO:ClaudeAI module loaded
2024-06-22 23:36:47,682:INFO:ClaudeAI cog added to the bot
2024-06-22 23:36:47,682:INFO:Loaded extension: ai
2024-06-22 23:36:47,682:INFO:logging in using static token
2024-06-22 23:36:48,592:INFO:Shard ID None has connected to Gateway (Session ID: 012630c15cf52166040a566e99f4ea6b).
2024-06-22 23:36:50,600:INFO:We have logged in as saeijou_bot#4753
2024-06-22 23:40:10,245:INFO:Loaded extension: manager
2024-06-22 23:40:10,246:INFO:Loaded extension: help
2024-06-22 23:40:10,247:INFO:Loaded extension: joke_poster
2024-06-22 23:40:10,891:INFO:ClaudeAI module loaded
2024-06-22 23:40:10,891:INFO:ClaudeAI cog added to the bot
2024-06-22 23:40:10,891:INFO:Loaded extension: ai
2024-06-22 23:40:10,891:INFO:logging in using static token
2024-06-22 23:40:11,745:INFO:Shard ID None has connected to Gateway (Session ID: 1af39d4890c5d73b692c0d69151bc1e3).
2024-06-22 23:40:13,790:INFO:We have logged in as saeijou_bot#4753
2024-06-22 23:45:18,240:INFO:Loaded extension: manager
2024-06-22 23:45:18,241:INFO:Loaded extension: help
2024-06-22 23:45:18,241:INFO:Loaded extension: joke_poster
2024-06-22 23:45:18,883:INFO:ClaudeAI module loaded
2024-06-22 23:45:18,883:INFO:ClaudeAI cog added to the bot
2024-06-22 23:45:18,883:INFO:Loaded extension: ai
2024-06-22 23:45:18,883:INFO:logging in using static token
2024-06-22 23:45:27,786:ERROR:Unclosed client session
client_session: <aiohttp.client.ClientSession object at 0x7ffef15c8710>
